» 21 komut yüklenecek.
» Yüklenen komut: avatar.
» Yüklenen komut: bilgi.
» Yüklenen komut: davet.
» Yüklenen komut: emojiler.
» Yüklenen komut: eval.
» Yüklenen komut: hata-bildir.
» Yüklenen komut: hava-durumu.
» Yüklenen komut: hesapla.
» Yüklenen komut: isim-ayarla.
» Yüklenen komut: istatistik.
» Yüklenen komut: kullanıcı-bilgi.
» Yüklenen komut: küfür-engelle.
» Yüklenen komut: ping.
» Yüklenen komut: profil.
» Yüklenen komut: reboot.
» Yüklenen komut: roller.
» Yüklenen komut: sunucu-bilgi.
» Yüklenen komut: sunucu-ikon.
» Yüklenen komut: sunucular.
» Yüklenen komut: tavsiye.
» Yüklenen komut: yardım.
Better Bot | JS Geçiş, 1 Sunucu'ya ve 6 Kullanıcı'ya hizmet veriyor!
» 22 komut yüklenecek.
» Yüklenen komut: avatar.
» Yüklenen komut: bilgi.
» Yüklenen komut: davet.
» Yüklenen komut: emojiler.
» Yüklenen komut: eval.
» Yüklenen komut: hata-bildir.
» Yüklenen komut: hava-durumu.
» Yüklenen komut: hesapla.
» Yüklenen komut: isim-ayarla.
» Yüklenen komut: istatistik.
» Yüklenen komut: kullanıcı-bilgi.
» Yüklenen komut: küfür-engelle.
» Yüklenen komut: link-engelle.
» Yüklenen komut: ping.
» Yüklenen komut: profil.
» Yüklenen komut: reboot.
» Yüklenen komut: roller.
» Yüklenen komut: sunucu-bilgi.
» Yüklenen komut: sunucu-ikon.
» Yüklenen komut: sunucular.
» Yüklenen komut: tavsiye.
» Yüklenen komut: yardım.
Better Bot | JS Geçiş, 1 Sunucu'ya ve 7 Kullanıcı'ya hizmet veriyor!
