[2018-08-17T08:07:10.444Z] PM2 log: ===============================================================================
[2018-08-17T08:07:10.446Z] PM2 log: --- New PM2 Daemon started ----------------------------------------------------
[2018-08-17T08:07:10.447Z] PM2 log: Time                 : Fri Aug 17 2018 08:07:10 GMT+0000 (UTC)
[2018-08-17T08:07:10.447Z] PM2 log: PM2 version          : 3.0.3
[2018-08-17T08:07:10.447Z] PM2 log: Node.js version      : 8.11.3
[2018-08-17T08:07:10.447Z] PM2 log: Current arch         : x64
[2018-08-17T08:07:10.447Z] PM2 log: PM2 home             : /app/.pm2
[2018-08-17T08:07:10.447Z] PM2 log: PM2 PID file         : /app/.pm2/pm2.pid
[2018-08-17T08:07:10.447Z] PM2 log: RPC socket file      : /app/.pm2/rpc.sock
[2018-08-17T08:07:10.448Z] PM2 log: BUS socket file      : /app/.pm2/pub.sock
[2018-08-17T08:07:10.448Z] PM2 log: Application log path : /app/.pm2/logs
[2018-08-17T08:07:10.448Z] PM2 log: Process dump file    : /app/.pm2/dump.pm2
[2018-08-17T08:07:10.448Z] PM2 log: Concurrent actions   : 2
[2018-08-17T08:07:10.448Z] PM2 log: SIGTERM timeout      : 1600
[2018-08-17T08:07:10.448Z] PM2 log: ===============================================================================
[2018-08-17T08:07:10.486Z] PM2 log: Starting execution sequence in -fork mode- for app name:bot id:0
[2018-08-17T08:07:10.494Z] PM2 log: App name:bot id:0 online
[2018-08-17T08:08:03.695Z] PM2 log: Stopping app:bot id:0
[2018-08-17T08:08:03.708Z] PM2 log: App [bot] with id [0] and pid [7601], exited with code [0] via signal [SIGINT]
[2018-08-17T08:08:03.804Z] PM2 log: pid=7601 msg=process killed
[2018-08-17T08:30:37.644Z] PM2 log: Starting execution sequence in -fork mode- for app name:bot id:0
[2018-08-17T08:30:37.646Z] PM2 log: App name:bot id:0 online
[2018-08-17T08:32:16.105Z] PM2 log: Stopping app:bot id:0
[2018-08-17T08:32:16.213Z] PM2 log: App [bot] with id [0] and pid [12002], exited with code [0] via signal [SIGINT]
[2018-08-17T08:32:16.312Z] PM2 log: pid=12002 msg=process killed
